{"/Users/sankita/Documents/Learning-2023/namaste-react/assignment13/cartSlice.js": {"path":"/Users/sankita/Documents/Learning-2023/namaste-react/assignment13/cartSlice.js","statementMap":{"0":{"start":{"line":3,"column":18},"end":{"line":19,"column":2}},"1":{"start":{"line":10,"column":12},"end":{"line":10,"column":45}},"2":{"start":{"line":13,"column":12},"end":{"line":13,"column":30}},"3":{"start":{"line":16,"column":12},"end":{"line":16,"column":29}},"4":{"start":{"line":21,"column":50},"end":{"line":21,"column":67}}},"fnMap":{"0":{"name":"(anonymous_0)","decl":{"start":{"line":9,"column":17},"end":{"line":9,"column":18}},"loc":{"start":{"line":9,"column":36},"end":{"line":11,"column":9}},"line":9},"1":{"name":"(anonymous_1)","decl":{"start":{"line":12,"column":20},"end":{"line":12,"column":21}},"loc":{"start":{"line":12,"column":39},"end":{"line":14,"column":9}},"line":12},"2":{"name":"(anonymous_2)","decl":{"start":{"line":15,"column":19},"end":{"line":15,"column":20}},"loc":{"start":{"line":15,"column":30},"end":{"line":17,"column":9}},"line":15}},"branchMap":{},"s":{"0":1,"1":0,"2":0,"3":0,"4":1},"f":{"0":0,"1":0,"2":0},"b":{},"_coverageSchema":"1a1c01bbd47fc00a2c39e90264f33305004495a9","hash":"80eecbdafa1496f4cce9ec09d54fa335bc4e1944"}
,"/Users/sankita/Documents/Learning-2023/namaste-react/assignment13/store.js": {"path":"/Users/sankita/Documents/Learning-2023/namaste-react/assignment13/store.js","statementMap":{"0":{"start":{"line":4,"column":21},"end":{"line":8,"column":2}}},"fnMap":{},"branchMap":{},"s":{"0":1},"f":{},"b":{},"_coverageSchema":"1a1c01bbd47fc00a2c39e90264f33305004495a9","hash":"df40009b3a4a2c77c1efc4cde3543dc61bf38e0f"}
,"/Users/sankita/Documents/Learning-2023/namaste-react/assignment13/component/Header.jsx": {"path":"/Users/sankita/Documents/Learning-2023/namaste-react/assignment13/component/Header.jsx","statementMap":{"0":{"start":{"line":8,"column":15},"end":{"line":46,"column":1}},"1":{"start":{"line":10,"column":21},"end":{"line":10,"column":39}},"2":{"start":{"line":12,"column":21},"end":{"line":12,"column":59}},"3":{"start":{"line":12,"column":42},"end":{"line":12,"column":58}},"4":{"start":{"line":14,"column":19},"end":{"line":14,"column":77}},"5":{"start":{"line":14,"column":25},"end":{"line":14,"column":77}},"6":{"start":{"line":16,"column":4},"end":{"line":45,"column":6}}},"fnMap":{"0":{"name":"(anonymous_0)","decl":{"start":{"line":8,"column":15},"end":{"line":8,"column":16}},"loc":{"start":{"line":8,"column":21},"end":{"line":46,"column":1}},"line":8},"1":{"name":"(anonymous_1)","decl":{"start":{"line":12,"column":33},"end":{"line":12,"column":34}},"loc":{"start":{"line":12,"column":42},"end":{"line":12,"column":58}},"line":12},"2":{"name":"(anonymous_2)","decl":{"start":{"line":14,"column":19},"end":{"line":14,"column":20}},"loc":{"start":{"line":14,"column":25},"end":{"line":14,"column":77}},"line":14}},"branchMap":{"0":{"loc":{"start":{"line":26,"column":40},"end":{"line":26,"column":61}},"type":"cond-expr","locations":[{"start":{"line":26,"column":51},"end":{"line":26,"column":54}},{"start":{"line":26,"column":57},"end":{"line":26,"column":61}}],"line":26}},"s":{"0":1,"1":1,"2":1,"3":1,"4":1,"5":0,"6":1},"f":{"0":1,"1":1,"2":0},"b":{"0":[1,0]},"_coverageSchema":"1a1c01bbd47fc00a2c39e90264f33305004495a9","hash":"80a6b2100ca80712e48a2ba705d505d397c1687c"}
,"/Users/sankita/Documents/Learning-2023/namaste-react/assignment13/hooks/useNetworkStatus.js": {"path":"/Users/sankita/Documents/Learning-2023/namaste-react/assignment13/hooks/useNetworkStatus.js","statementMap":{"0":{"start":{"line":3,"column":25},"end":{"line":20,"column":1}},"1":{"start":{"line":4,"column":36},"end":{"line":4,"column":50}},"2":{"start":{"line":5,"column":25},"end":{"line":5,"column":48}},"3":{"start":{"line":5,"column":31},"end":{"line":5,"column":48}},"4":{"start":{"line":6,"column":26},"end":{"line":6,"column":50}},"5":{"start":{"line":6,"column":32},"end":{"line":6,"column":50}},"6":{"start":{"line":9,"column":4},"end":{"line":17,"column":6}},"7":{"start":{"line":10,"column":8},"end":{"line":10,"column":55}},"8":{"start":{"line":11,"column":8},"end":{"line":11,"column":57}},"9":{"start":{"line":13,"column":8},"end":{"line":16,"column":9}},"10":{"start":{"line":14,"column":12},"end":{"line":14,"column":62}},"11":{"start":{"line":15,"column":12},"end":{"line":15,"column":64}},"12":{"start":{"line":19,"column":4},"end":{"line":19,"column":19}}},"fnMap":{"0":{"name":"(anonymous_0)","decl":{"start":{"line":3,"column":25},"end":{"line":3,"column":26}},"loc":{"start":{"line":3,"column":31},"end":{"line":20,"column":1}},"line":3},"1":{"name":"(anonymous_1)","decl":{"start":{"line":5,"column":25},"end":{"line":5,"column":26}},"loc":{"start":{"line":5,"column":31},"end":{"line":5,"column":48}},"line":5},"2":{"name":"(anonymous_2)","decl":{"start":{"line":6,"column":26},"end":{"line":6,"column":27}},"loc":{"start":{"line":6,"column":32},"end":{"line":6,"column":50}},"line":6},"3":{"name":"(anonymous_3)","decl":{"start":{"line":9,"column":14},"end":{"line":9,"column":15}},"loc":{"start":{"line":9,"column":20},"end":{"line":17,"column":5}},"line":9},"4":{"name":"(anonymous_4)","decl":{"start":{"line":13,"column":15},"end":{"line":13,"column":16}},"loc":{"start":{"line":13,"column":21},"end":{"line":16,"column":9}},"line":13}},"branchMap":{},"s":{"0":1,"1":1,"2":1,"3":0,"4":1,"5":0,"6":1,"7":1,"8":1,"9":1,"10":1,"11":1,"12":1},"f":{"0":1,"1":0,"2":0,"3":1,"4":1},"b":{},"_coverageSchema":"1a1c01bbd47fc00a2c39e90264f33305004495a9","hash":"2f51e1d034102db983269d701805765546e798c4"}
,"/Users/sankita/Documents/Learning-2023/namaste-react/assignment13/mocks/dummy.js": {"path":"/Users/sankita/Documents/Learning-2023/namaste-react/assignment13/mocks/dummy.js","statementMap":{},"fnMap":{},"branchMap":{},"s":{},"f":{},"b":{},"_coverageSchema":"1a1c01bbd47fc00a2c39e90264f33305004495a9","hash":"961861e3a1f5df0ef513d8a2ee613185de419532"}
}
